<?xml version="1.0" encoding="UTF-8"?>
<!-- Generated by org.testng.reporters.JUnitXMLReporter -->
<testsuite ignored="0" hostname="Dell-Micro-PC" failures="0" tests="6" name="Default test" time="100.863" errors="0" timestamp="2026-01-06T17:17:56 IST">
  <testcase classname="Final_Project.CategoriesTest" name="addMultipleItemsDeleteOneAndPlaceOrder" time="19.968"/>
  <testcase classname="Final_Project.CategoriesTest" name="testPlaceOrder" time="14.831"/>
  <testcase classname="Final_Project.CategoriesTest" name="testPlaceOrder" time="14.819"/>
  <testcase classname="Final_Project.CategoriesTest" name="testPlaceOrder" time="13.566"/>
  <testcase classname="Final_Project.CategoriesTest" name="testPlaceOrder" time="13.903"/>
  <testcase classname="Final_Project.CategoriesTest" name="testPlaceOrder" time="14.021"/>
</testsuite> <!-- Default test -->
