<?xml version="1.0" encoding="UTF-8"?>
<testng-results ignored="0" total="6" passed="6" failed="0" skipped="0">
  <reporter-output>
  </reporter-output>
  <suite started-at="2026-01-06T17:16:15 IST" name="Default suite" finished-at="2026-01-06T17:17:56 IST" duration-ms="100863">
    <groups>
    </groups>
    <test started-at="2026-01-06T17:16:15 IST" name="Default test" finished-at="2026-01-06T17:17:56 IST" duration-ms="100863">
      <class name="Final_Project.CategoriesTest">
        <test-method is-config="true" signature="setup()[pri:0, instance:Final_Project.CategoriesTest@424e1977]" started-at="2026-01-06T17:16:15 IST" name="setup" finished-at="2026-01-06T17:16:24 IST" duration-ms="8734" status="PASS">
          <reporter-output>
          </reporter-output>
        </test-method> <!-- setup -->
        <test-method signature="addMultipleItemsDeleteOneAndPlaceOrder()[pri:0, instance:Final_Project.CategoriesTest@424e1977]" started-at="2026-01-06T17:16:24 IST" name="addMultipleItemsDeleteOneAndPlaceOrder" finished-at="2026-01-06T17:16:44 IST" duration-ms="19968" status="PASS">
          <reporter-output>
          </reporter-output>
        </test-method> <!-- addMultipleItemsDeleteOneAndPlaceOrder -->
        <test-method signature="testPlaceOrder(java.lang.String,java.lang.String,java.lang.String,java.lang.String,java.lang.String,java.lang.String,java.lang.String)[pri:0, instance:Final_Project.CategoriesTest@424e1977]" started-at="2026-01-06T17:16:44 IST" name="testPlaceOrder" data-provider="orderScenarios" finished-at="2026-01-06T17:16:59 IST" duration-ms="14831" status="PASS">
          <params>
            <param index="0">
              <value>
                <![CDATA[]]>
              </value>
            </param>
            <param index="1">
              <value>
                <![CDATA[]]>
              </value>
            </param>
            <param index="2">
              <value>
                <![CDATA[]]>
              </value>
            </param>
            <param index="3">
              <value>
                <![CDATA[]]>
              </value>
            </param>
            <param index="4">
              <value>
                <![CDATA[]]>
              </value>
            </param>
            <param index="5">
              <value>
                <![CDATA[]]>
              </value>
            </param>
            <param index="6">
              <value>
                <![CDATA[Please fill out Name and Creditcard.]]>
              </value>
            </param>
          </params>
          <reporter-output>
          </reporter-output>
        </test-method> <!-- testPlaceOrder -->
        <test-method signature="testPlaceOrder(java.lang.String,java.lang.String,java.lang.String,java.lang.String,java.lang.String,java.lang.String,java.lang.String)[pri:0, instance:Final_Project.CategoriesTest@424e1977]" started-at="2026-01-06T17:16:59 IST" name="testPlaceOrder" data-provider="orderScenarios" finished-at="2026-01-06T17:17:14 IST" duration-ms="14819" status="PASS">
          <params>
            <param index="0">
              <value>
                <![CDATA[]]>
              </value>
            </param>
            <param index="1">
              <value>
                <![CDATA[USA]]>
              </value>
            </param>
            <param index="2">
              <value>
                <![CDATA[NYC]]>
              </value>
            </param>
            <param index="3">
              <value>
                <![CDATA[4111111111111111]]>
              </value>
            </param>
            <param index="4">
              <value>
                <![CDATA[12]]>
              </value>
            </param>
            <param index="5">
              <value>
                <![CDATA[2026]]>
              </value>
            </param>
            <param index="6">
              <value>
                <![CDATA[Please fill out Name and Creditcard.]]>
              </value>
            </param>
          </params>
          <reporter-output>
          </reporter-output>
        </test-method> <!-- testPlaceOrder -->
        <test-method signature="testPlaceOrder(java.lang.String,java.lang.String,java.lang.String,java.lang.String,java.lang.String,java.lang.String,java.lang.String)[pri:0, instance:Final_Project.CategoriesTest@424e1977]" started-at="2026-01-06T17:17:14 IST" name="testPlaceOrder" data-provider="orderScenarios" finished-at="2026-01-06T17:17:27 IST" duration-ms="13566" status="PASS">
          <params>
            <param index="0">
              <value>
                <![CDATA[John]]>
              </value>
            </param>
            <param index="1">
              <value>
                <![CDATA[USA]]>
              </value>
            </param>
            <param index="2">
              <value>
                <![CDATA[NYC]]>
              </value>
            </param>
            <param index="3">
              <value>
                <![CDATA[]]>
              </value>
            </param>
            <param index="4">
              <value>
                <![CDATA[12]]>
              </value>
            </param>
            <param index="5">
              <value>
                <![CDATA[2026]]>
              </value>
            </param>
            <param index="6">
              <value>
                <![CDATA[Please fill out Name and Creditcard.]]>
              </value>
            </param>
          </params>
          <reporter-output>
          </reporter-output>
        </test-method> <!-- testPlaceOrder -->
        <test-method signature="testPlaceOrder(java.lang.String,java.lang.String,java.lang.String,java.lang.String,java.lang.String,java.lang.String,java.lang.String)[pri:0, instance:Final_Project.CategoriesTest@424e1977]" started-at="2026-01-06T17:17:27 IST" name="testPlaceOrder" data-provider="orderScenarios" finished-at="2026-01-06T17:17:41 IST" duration-ms="13903" status="PASS">
          <params>
            <param index="0">
              <value>
                <![CDATA[John]]>
              </value>
            </param>
            <param index="1">
              <value>
                <![CDATA[]]>
              </value>
            </param>
            <param index="2">
              <value>
                <![CDATA[]]>
              </value>
            </param>
            <param index="3">
              <value>
                <![CDATA[4111111111111111]]>
              </value>
            </param>
            <param index="4">
              <value>
                <![CDATA[]]>
              </value>
            </param>
            <param index="5">
              <value>
                <![CDATA[]]>
              </value>
            </param>
            <param index="6">
              <value>
                <![CDATA[]]>
              </value>
            </param>
          </params>
          <reporter-output>
          </reporter-output>
        </test-method> <!-- testPlaceOrder -->
        <test-method signature="testPlaceOrder(java.lang.String,java.lang.String,java.lang.String,java.lang.String,java.lang.String,java.lang.String,java.lang.String)[pri:0, instance:Final_Project.CategoriesTest@424e1977]" started-at="2026-01-06T17:17:41 IST" name="testPlaceOrder" data-provider="orderScenarios" finished-at="2026-01-06T17:17:55 IST" duration-ms="14021" status="PASS">
          <params>
            <param index="0">
              <value>
                <![CDATA[John]]>
              </value>
            </param>
            <param index="1">
              <value>
                <![CDATA[USA]]>
              </value>
            </param>
            <param index="2">
              <value>
                <![CDATA[NYC]]>
              </value>
            </param>
            <param index="3">
              <value>
                <![CDATA[4111111111111111]]>
              </value>
            </param>
            <param index="4">
              <value>
                <![CDATA[12]]>
              </value>
            </param>
            <param index="5">
              <value>
                <![CDATA[2026]]>
              </value>
            </param>
            <param index="6">
              <value>
                <![CDATA[]]>
              </value>
            </param>
          </params>
          <reporter-output>
          </reporter-output>
        </test-method> <!-- testPlaceOrder -->
        <test-method is-config="true" signature="teardown()[pri:0, instance:Final_Project.CategoriesTest@424e1977]" started-at="2026-01-06T17:17:55 IST" name="teardown" finished-at="2026-01-06T17:17:56 IST" duration-ms="809" status="PASS">
          <reporter-output>
          </reporter-output>
        </test-method> <!-- teardown -->
      </class> <!-- Final_Project.CategoriesTest -->
    </test> <!-- Default test -->
  </suite> <!-- Default suite -->
</testng-results>
