<?xml version="1.0" encoding="UTF-8"?>
<!-- Generated by org.testng.reporters.JUnitReportReporter -->
<testsuite hostname="Dell-Micro-PC" failures="0" tests="2" name="Final_Project.AboutUsTest" time="5.785" errors="0" timestamp="2025-12-15T14:44:18 IST" skipped="0">
  <testcase classname="Final_Project.AboutUsTest" name="verifyAboutUsModalOpensAndVideoPlays" time="4.524"/>
  <testcase classname="Final_Project.AboutUsTest" name="verifyCloseButtonClosesAboutUsModal" time="1.261"/>
</testsuite> <!-- Final_Project.AboutUsTest -->
