<?xml version="1.0" encoding="UTF-8"?>
<!-- Generated by org.testng.reporters.JUnitReportReporter -->
<testsuite hostname="Dell-Micro-PC" failures="0" tests="5" name="Final_Project.ContactTest" time="13.142" errors="0" timestamp="2025-12-15T12:43:41 IST" skipped="0">
  <testcase classname="Final_Project.ContactTest" name="verifyContactFormWithValidData" time="3.313"/>
  <testcase classname="Final_Project.ContactTest" name="verifyContactFormWithEmptyFields" time="1.700"/>
  <testcase classname="Final_Project.ContactTest" name="verifyContactFormWithInvalidEmail" time="2.653"/>
  <testcase classname="Final_Project.ContactTest" name="verifyContactFormOnlyWithEmail" time="2.390"/>
  <testcase classname="Final_Project.ContactTest" name="verifyContactFormOnlyWithName" time="3.086"/>
</testsuite> <!-- Final_Project.ContactTest -->
