<?xml version="1.0" encoding="UTF-8"?>
<!-- Generated by org.testng.reporters.JUnitReportReporter -->
<testsuite hostname="Dell-Micro-PC" failures="0" tests="8" name="Final_Project.HomePageTest" time="11.954" errors="0" timestamp="2025-12-11T17:34:14 IST" skipped="0">
  <testcase classname="Final_Project.HomePageTest" name="verifyHomepageLoadAndLogo" time="0.167"/>
  <testcase classname="Final_Project.HomePageTest" name="verifyNavigationLinks" time="9.222"/>
  <testcase classname="Final_Project.HomePageTest" name="verifyCategorySelection" time="0.574"/>
  <testcase classname="Final_Project.HomePageTest" name="verifyCategorySelection" time="0.326"/>
  <testcase classname="Final_Project.HomePageTest" name="verifyCategorySelection" time="0.428"/>
  <testcase classname="Final_Project.HomePageTest" name="verifyNextButtonNavigation" time="0.696"/>
  <testcase classname="Final_Project.HomePageTest" name="verifyPreviousButtonNavigation" time="0.349"/>
  <testcase classname="Final_Project.HomePageTest" name="verifyScrollToBottom" time="0.192"/>
</testsuite> <!-- Final_Project.HomePageTest -->
