<?xml version="1.0" encoding="UTF-8"?>
<!-- Generated by org.testng.reporters.JUnitReportReporter -->
<testsuite hostname="Dell-Micro-PC" failures="0" tests="6" name="Final_Project.CategoriesTest" time="91.108" errors="0" timestamp="2026-01-06T17:17:56 IST" skipped="0">
  <testcase classname="Final_Project.CategoriesTest" name="testPlaceOrder" time="13.903"/>
  <testcase classname="Final_Project.CategoriesTest" name="testPlaceOrder" time="14.819"/>
  <testcase classname="Final_Project.CategoriesTest" name="testPlaceOrder" time="13.566"/>
  <testcase classname="Final_Project.CategoriesTest" name="addMultipleItemsDeleteOneAndPlaceOrder" time="19.968"/>
  <testcase classname="Final_Project.CategoriesTest" name="testPlaceOrder" time="14.021"/>
  <testcase classname="Final_Project.CategoriesTest" name="testPlaceOrder" time="14.831"/>
</testsuite> <!-- Final_Project.CategoriesTest -->
